INFO: [VRFC 10-2263] Analyzing SystemVerilog file "C:/Users/D4nny/Documents/HDL/PipelineRISCVCalPoly/rtl/Branch_cond_gen.sv" into library xil_defaultlib
INFO: [VRFC 10-311] analyzing module BranchCondGen
INFO: [VRFC 10-2263] Analyzing SystemVerilog file "C:/Users/D4nny/Documents/HDL/PipelineRISCVCalPoly/rtl/cache/CacheLineAdapter.sv" into library xil_defaultlib
INFO: [VRFC 10-311] analyzing module CacheLineAdapter
INFO: [VRFC 10-2263] Analyzing SystemVerilog file "C:/Users/D4nny/Documents/HDL/PipelineRISCVCalPoly/rtl/cache/DataL1.sv" into library xil_defaultlib
INFO: [VRFC 10-311] analyzing module DataL1
INFO: [VRFC 10-2263] Analyzing SystemVerilog file "C:/Users/D4nny/Documents/HDL/PipelineRISCVCalPoly/rtl/cache/InstructionL1.sv" into library xil_defaultlib
INFO: [VRFC 10-311] analyzing module InstrL1
INFO: [VRFC 10-2263] Analyzing SystemVerilog file "C:/Users/D4nny/Documents/HDL/PipelineRISCVCalPoly/rtl/cache/MainMemory.sv" into library xil_defaultlib
INFO: [VRFC 10-311] analyzing module MainMemory
INFO: [VRFC 10-2263] Analyzing SystemVerilog file "C:/Users/D4nny/Documents/HDL/PipelineRISCVCalPoly/rtl/cache/Memory.sv" into library xil_defaultlib
INFO: [VRFC 10-311] analyzing module Memory
INFO: [VRFC 10-2263] Analyzing SystemVerilog file "C:/Users/D4nny/Documents/HDL/PipelineRISCVCalPoly/rtl/alu.sv" into library xil_defaultlib
INFO: [VRFC 10-311] analyzing module ALU
INFO: [VRFC 10-2263] Analyzing SystemVerilog file "C:/Users/D4nny/Documents/HDL/PipelineRISCVCalPoly/rtl/cache/cacheController.sv" into library xil_defaultlib
INFO: [VRFC 10-311] analyzing module CacheController
INFO: [VRFC 10-2263] Analyzing SystemVerilog file "C:/Users/D4nny/Documents/HDL/PipelineRISCVCalPoly/rtl/control_unit.sv" into library xil_defaultlib
INFO: [VRFC 10-311] analyzing module ControlUnit
INFO: [VRFC 10-2263] Analyzing SystemVerilog file "C:/Users/D4nny/Documents/HDL/PipelineRISCVCalPoly/rtl/hazard.sv" into library xil_defaultlib
INFO: [VRFC 10-311] analyzing module HazardUnit
INFO: [VRFC 10-2263] Analyzing SystemVerilog file "C:/Users/D4nny/Documents/HDL/PipelineRISCVCalPoly/rtl/immed_gen.sv" into library xil_defaultlib
INFO: [VRFC 10-311] analyzing module ImmedGen
INFO: [VRFC 10-2263] Analyzing SystemVerilog file "C:/Users/D4nny/Documents/HDL/PipelineRISCVCalPoly/rtl/structs.sv" into library xil_defaultlib
INFO: [VRFC 10-311] analyzing module p_structs
INFO: [VRFC 10-2263] Analyzing SystemVerilog file "C:/Users/D4nny/Documents/HDL/PipelineRISCVCalPoly/rtl/otter_mcu.sv" into library xil_defaultlib
INFO: [VRFC 10-311] analyzing module OTTER_MCU
INFO: [VRFC 10-2263] Analyzing SystemVerilog file "C:/Users/D4nny/Documents/HDL/PipelineRISCVCalPoly/rtl/otter_wrapper.sv" into library xil_defaultlib
INFO: [VRFC 10-311] analyzing module OTTER_Wrapper
INFO: [VRFC 10-2263] Analyzing SystemVerilog file "C:/Users/D4nny/Documents/HDL/PipelineRISCVCalPoly/rtl/reg_file.sv" into library xil_defaultlib
INFO: [VRFC 10-311] analyzing module RegFile
INFO: [VRFC 10-2263] Analyzing SystemVerilog file "C:/Users/D4nny/Documents/HDL/PipelineRISCVCalPoly/rtl/register_nb.sv" into library xil_defaultlib
INFO: [VRFC 10-311] analyzing module reg_nb
INFO: [VRFC 10-2263] Analyzing SystemVerilog file "C:/Users/D4nny/Documents/HDL/PipelineRISCVCalPoly/rtl/test_pipeline.sv" into library xil_defaultlib
INFO: [VRFC 10-311] analyzing module test_pipeline
