#-----------------------------------------------------------
# Vivado v2023.2 (64-bit)
# SW Build 4029153 on Fri Oct 13 20:14:34 MDT 2023
# IP Build 4028589 on Sat Oct 14 00:45:43 MDT 2023
# SharedData Build 4025554 on Tue Oct 10 17:18:54 MDT 2023
# Start of session at: Mon Mar 18 12:32:18 2024
# Process ID: 30812
# Current directory: C:/Users/D4nny/Documents/HDL/PipelineRISCVCalPoly/vivado_2023.2
# Command line: vivado.exe -gui_launcher_event rodinguilauncherevent27504 C:\Users\D4nny\Documents\HDL\PipelineRISCVCalPoly\vivado_2023.2\vivado_2023.2.xpr
# Log file: C:/Users/D4nny/Documents/HDL/PipelineRISCVCalPoly/vivado_2023.2/vivado.log
# Journal file: C:/Users/D4nny/Documents/HDL/PipelineRISCVCalPoly/vivado_2023.2\vivado.jou
# Running On: RaijinPC, OS: Windows, CPU Frequency: 4200 MHz, CPU Physical cores: 32, Host memory: 33457 MB
#-----------------------------------------------------------
start_gui
open_project C:/Users/D4nny/Documents/HDL/PipelineRISCVCalPoly/vivado_2023.2/vivado_2023.2.xpr
WARNING: [Board 49-26] cannot add Board Part xilinx.com:kc705:part0:1.6 available at C:/Xilinx/Vivado/2023.2/data/xhub/boards/XilinxBoardStore/boards/Xilinx/kc705/1.6/board.xml as part xc7k325tffg900-2 specified in board_part file is either invalid or not available
WARNING: [Board 49-26] cannot add Board Part xilinx.com:kcu105:part0:1.6 available at C:/Xilinx/Vivado/2023.2/data/xhub/boards/XilinxBoardStore/boards/Xilinx/kcu105/1.6/board.xml as part xcku040-ffva1156-2-e specified in board_part file is either invalid or not available
WARNING: [Board 49-26] cannot add Board Part xilinx.com:kcu105:part0:1.7 available at C:/Xilinx/Vivado/2023.2/data/xhub/boards/XilinxBoardStore/boards/Xilinx/kcu105/1.7/board.xml as part xcku040-ffva1156-2-e specified in board_part file is either invalid or not available
WARNING: [Board 49-26] cannot add Board Part xilinx.com:kcu1500:part0:1.2 available at C:/Xilinx/Vivado/2023.2/data/xhub/boards/XilinxBoardStore/boards/Xilinx/kcu1500/1.2/board.xml as part xcku115-flvb2104-2-e specified in board_part file is either invalid or not available
WARNING: [Board 49-26] cannot add Board Part xilinx.com:vc707:part0:1.4 available at C:/Xilinx/Vivado/2023.2/data/xhub/boards/XilinxBoardStore/boards/Xilinx/vc707/1.4/board.xml as part xc7vx485tffg1761-2 specified in board_part file is either invalid or not available
WARNING: [Board 49-26] cannot add Board Part xilinx.com:vc709:part0:1.8 available at C:/Xilinx/Vivado/2023.2/data/xhub/boards/XilinxBoardStore/boards/Xilinx/vc709/1.8/board.xml as part xc7vx690tffg1761-2 specified in board_part file is either invalid or not available
WARNING: [Board 49-26] cannot add Board Part xilinx.com:vck190:part0:2.2 available at C:/Xilinx/Vivado/2023.2/data/xhub/boards/XilinxBoardStore/boards/Xilinx/vck190/production/2.2/board.xml as part xcvc1902-vsva2197-2mp-e-s specified in board_part file is either invalid or not available
WARNING: [Board 49-26] cannot add Board Part xilinx.com:vck190:part0:3.0 available at C:/Xilinx/Vivado/2023.2/data/xhub/boards/XilinxBoardStore/boards/Xilinx/vck190/production/3.0/board.xml as part xcvc1902-vsva2197-2mp-e-s specified in board_part file is either invalid or not available
WARNING: [Board 49-26] cannot add Board Part xilinx.com:vck190:part0:3.1 available at C:/Xilinx/Vivado/2023.2/data/xhub/boards/XilinxBoardStore/boards/Xilinx/vck190/production/3.1/board.xml as part xcvc1902-vsva2197-2mp-e-s specified in board_part file is either invalid or not available
WARNING: [Board 49-26] cannot add Board Part xilinx.com:vck190:part0:3.2 available at C:/Xilinx/Vivado/2023.2/data/xhub/boards/XilinxBoardStore/boards/Xilinx/vck190/production/3.2/board.xml as part xcvc1902-vsva2197-2mp-e-s specified in board_part file is either invalid or not available
WARNING: [Board 49-26] cannot add Board Part xilinx.com:vck190_newl:part0:1.0 available at C:/Xilinx/Vivado/2023.2/data/xhub/boards/XilinxBoardStore/boards/Xilinx/vck190_newl/production/1.0/board.xml as part xcvc1902-vsva2197-2mp-e-s specified in board_part file is either invalid or not available
WARNING: [Board 49-26] cannot add Board Part xilinx.com:vck190_newl:part0:1.1 available at C:/Xilinx/Vivado/2023.2/data/xhub/boards/XilinxBoardStore/boards/Xilinx/vck190_newl/production/1.1/board.xml as part xcvc1902-vsva2197-2mp-e-s specified in board_part file is either invalid or not available
WARNING: [Board 49-26] cannot add Board Part xilinx.com:vcu108:part0:1.6 available at C:/Xilinx/Vivado/2023.2/data/xhub/boards/XilinxBoardStore/boards/Xilinx/vcu108/1.6/board.xml as part xcvu095-ffva2104-2-e specified in board_part file is either invalid or not available
WARNING: [Board 49-26] cannot add Board Part xilinx.com:vcu108:part0:1.7 available at C:/Xilinx/Vivado/2023.2/data/xhub/boards/XilinxBoardStore/boards/Xilinx/vcu108/1.7/board.xml as part xcvu095-ffva2104-2-e specified in board_part file is either invalid or not available
WARNING: [Board 49-26] cannot add Board Part xilinx.com:vcu110:part0:1.4 available at C:/Xilinx/Vivado/2023.2/data/xhub/boards/XilinxBoardStore/boards/Xilinx/vcu110/1.4/board.xml as part xcvu190-flgc2104-2-e specified in board_part file is either invalid or not available
WARNING: [Board 49-26] cannot add Board Part xilinx.com:vcu118:part0:2.0 available at C:/Xilinx/Vivado/2023.2/data/xhub/boards/XilinxBoardStore/boards/Xilinx/vcu118/2.0/board.xml as part xcvu9p-flga2104-2l-e specified in board_part file is either invalid or not available
WARNING: [Board 49-26] cannot add Board Part xilinx.com:vcu118:part0:2.3 available at C:/Xilinx/Vivado/2023.2/data/xhub/boards/XilinxBoardStore/boards/Xilinx/vcu118/2.3/board.xml as part xcvu9p-flga2104-2l-e specified in board_part file is either invalid or not available
WARNING: [Board 49-26] cannot add Board Part xilinx.com:vcu118:part0:2.4 available at C:/Xilinx/Vivado/2023.2/data/xhub/boards/XilinxBoardStore/boards/Xilinx/vcu118/2.4/board.xml as part xcvu9p-flga2104-2l-e specified in board_part file is either invalid or not available
WARNING: [Board 49-26] cannot add Board Part xilinx.com:vcu129:part0:1.0 available at C:/Xilinx/Vivado/2023.2/data/xhub/boards/XilinxBoardStore/boards/Xilinx/vcu129/production/1.0/board.xml as part xcvu29p-fsga2577-2l-e specified in board_part file is either invalid or not available
WARNING: [Board 49-26] cannot add Board Part xilinx.com:vcu1525:part0:1.3 available at C:/Xilinx/Vivado/2023.2/data/xhub/boards/XilinxBoardStore/boards/Xilinx/vcu1525/1.3/board.xml as part xcvu9p-fsgd2104-2l-e specified in board_part file is either invalid or not available
WARNING: [Board 49-26] cannot add Board Part xilinx.com:vek280:part0:1.0 available at C:/Xilinx/Vivado/2023.2/data/xhub/boards/XilinxBoardStore/boards/Xilinx/vek280/production/1.0/board.xml as part xcve2802-vsvh1760-2mp-e-s specified in board_part file is either invalid or not available
WARNING: [Board 49-26] cannot add Board Part xilinx.com:vek280_es:part0:1.0 available at C:/Xilinx/Vivado/2023.2/data/xhub/boards/XilinxBoardStore/boards/Xilinx/vek280/es/rev_a/1.0/board.xml as part xcve2802-vsvh1760-2lp-e-s-es1 specified in board_part file is either invalid or not available
WARNING: [Board 49-26] cannot add Board Part xilinx.com:vek280_es:part0:1.1 available at C:/Xilinx/Vivado/2023.2/data/xhub/boards/XilinxBoardStore/boards/Xilinx/vek280/es/rev_a/1.1/board.xml as part xcve2802-vsvh1760-2lp-e-s-es1 specified in board_part file is either invalid or not available
WARNING: [Board 49-26] cannot add Board Part xilinx.com:vek280_es_revb:part0:1.0 available at C:/Xilinx/Vivado/2023.2/data/xhub/boards/XilinxBoardStore/boards/Xilinx/vek280/es/rev_b/1.0/board.xml as part xcve2802-vsvh1760-2mp-e-s-es1 specified in board_part file is either invalid or not available
WARNING: [Board 49-26] cannot add Board Part xilinx.com:vek280_es_revb:part0:1.1 available at C:/Xilinx/Vivado/2023.2/data/xhub/boards/XilinxBoardStore/boards/Xilinx/vek280/es/rev_b/1.1/board.xml as part xcve2802-vsvh1760-2mp-e-s-es1 specified in board_part file is either invalid or not available
WARNING: [Board 49-26] cannot add Board Part xilinx.com:vermeo_t1_mpsoc:part0:1.0 available at C:/Xilinx/Vivado/2023.2/data/xhub/boards/XilinxBoardStore/boards/Xilinx/vermeo_t1_mpsoc/1.0/board.xml as part xczu19eg-ffvd1760-2l-e specified in board_part file is either invalid or not available
INFO: [Project 1-313] Project file moved from 'C:/Users/D4nny/Documents/PipelineRISCVCalPoly/vivado_2023.2' since last save.
WARNING: [Board 49-26] cannot add Board Part xilinx.com:vermeo_t1_rfsoc:part0:1.0 available at C:/Xilinx/Vivado/2023.2/data/xhub/boards/XilinxBoardStore/boards/Xilinx/vermeo_t1_rfsoc/1.0/board.xml as part xczu21dr-ffvd1156-2l-e specified in board_part file is either invalid or not available
WARNING: [Board 49-26] cannot add Board Part xilinx.com:vhk158:part0:1.0 available at C:/Xilinx/Vivado/2023.2/data/xhub/boards/XilinxBoardStore/boards/Xilinx/vhk158/production/1.0/board.xml as part xcvh1582-vsva3697-2mp-e-s specified in board_part file is either invalid or not available
WARNING: [Board 49-26] cannot add Board Part xilinx.com:vhk158:part0:1.1 available at C:/Xilinx/Vivado/2023.2/data/xhub/boards/XilinxBoardStore/boards/Xilinx/vhk158/production/1.1/board.xml as part xcvh1582-vsva3697-2mp-e-s specified in board_part file is either invalid or not available
WARNING: [Board 49-26] cannot add Board Part xilinx.com:vhk158_es:part0:1.0 available at C:/Xilinx/Vivado/2023.2/data/xhub/boards/XilinxBoardStore/boards/Xilinx/vhk158/es/1.0/board.xml as part xcvh1582-vsva3697-2mp-e-s-es1 specified in board_part file is either invalid or not available
WARNING: [Board 49-26] cannot add Board Part xilinx.com:vhk158_es:part0:1.1 available at C:/Xilinx/Vivado/2023.2/data/xhub/boards/XilinxBoardStore/boards/Xilinx/vhk158/es/1.1/board.xml as part xcvh1582-vsva3697-2mp-e-s-es1 specified in board_part file is either invalid or not available
WARNING: [Board 49-26] cannot add Board Part xilinx.com:vmk180:part0:2.2 available at C:/Xilinx/Vivado/2023.2/data/xhub/boards/XilinxBoardStore/boards/Xilinx/vmk180/production/2.2/board.xml as part xcvm1802-vsva2197-2mp-e-s specified in board_part file is either invalid or not available
WARNING: [Board 49-26] cannot add Board Part xilinx.com:vmk180:part0:3.0 available at C:/Xilinx/Vivado/2023.2/data/xhub/boards/XilinxBoardStore/boards/Xilinx/vmk180/production/3.0/board.xml as part xcvm1802-vsva2197-2mp-e-s specified in board_part file is either invalid or not available
WARNING: [Board 49-26] cannot add Board Part xilinx.com:vmk180:part0:3.1 available at C:/Xilinx/Vivado/2023.2/data/xhub/boards/XilinxBoardStore/boards/Xilinx/vmk180/production/3.1/board.xml as part xcvm1802-vsva2197-2mp-e-s specified in board_part file is either invalid or not available
WARNING: [Board 49-26] cannot add Board Part xilinx.com:vmk180:part0:3.2 available at C:/Xilinx/Vivado/2023.2/data/xhub/boards/XilinxBoardStore/boards/Xilinx/vmk180/production/3.2/board.xml as part xcvm1802-vsva2197-2mp-e-s specified in board_part file is either invalid or not available
WARNING: [Board 49-26] cannot add Board Part xilinx.com:vmk180_newl:part0:1.0 available at C:/Xilinx/Vivado/2023.2/data/xhub/boards/XilinxBoardStore/boards/Xilinx/vmk180_newl/production/1.0/board.xml as part xcvm1802-vsva2197-2mp-e-s specified in board_part file is either invalid or not available
WARNING: [Board 49-26] cannot add Board Part xilinx.com:vmk180_newl:part0:1.1 available at C:/Xilinx/Vivado/2023.2/data/xhub/boards/XilinxBoardStore/boards/Xilinx/vmk180_newl/production/1.1/board.xml as part xcvm1802-vsva2197-2mp-e-s specified in board_part file is either invalid or not available
WARNING: [Board 49-26] cannot add Board Part xilinx.com:vpk120:part0:1.0 available at C:/Xilinx/Vivado/2023.2/data/xhub/boards/XilinxBoardStore/boards/Xilinx/vpk120/production/1.0/board.xml as part xcvp1202-vsva2785-2mp-e-s specified in board_part file is either invalid or not available
WARNING: [Board 49-26] cannot add Board Part xilinx.com:vpk120:part0:1.1 available at C:/Xilinx/Vivado/2023.2/data/xhub/boards/XilinxBoardStore/boards/Xilinx/vpk120/production/1.1/board.xml as part xcvp1202-vsva2785-2mp-e-s specified in board_part file is either invalid or not available
WARNING: [Board 49-26] cannot add Board Part xilinx.com:vpk120:part0:1.2 available at C:/Xilinx/Vivado/2023.2/data/xhub/boards/XilinxBoardStore/boards/Xilinx/vpk120/production/1.2/board.xml as part xcvp1202-vsva2785-2mp-e-s specified in board_part file is either invalid or not available
WARNING: [Board 49-26] cannot add Board Part xilinx.com:vpk180:part0:1.0 available at C:/Xilinx/Vivado/2023.2/data/xhub/boards/XilinxBoardStore/boards/Xilinx/vpk180/production/1.0/board.xml as part xcvp1802-lsvc4072-2mp-e-s specified in board_part file is either invalid or not available
WARNING: [Board 49-26] cannot add Board Part xilinx.com:vpk180:part0:1.1 available at C:/Xilinx/Vivado/2023.2/data/xhub/boards/XilinxBoardStore/boards/Xilinx/vpk180/production/1.1/board.xml as part xcvp1802-lsvc4072-2mp-e-s specified in board_part file is either invalid or not available
WARNING: [Board 49-26] cannot add Board Part xilinx.com:zc706:part0:1.4 available at C:/Xilinx/Vivado/2023.2/data/xhub/boards/XilinxBoardStore/boards/Xilinx/zc706/1.4/board.xml as part xc7z045ffg900-2 specified in board_part file is either invalid or not available
WARNING: [Board 49-26] cannot add Board Part xilinx.com:zcu102:part0:3.3 available at C:/Xilinx/Vivado/2023.2/data/xhub/boards/XilinxBoardStore/boards/Xilinx/zcu102/3.3/board.xml as part xczu9eg-ffvb1156-2-e specified in board_part file is either invalid or not available
WARNING: [Board 49-26] cannot add Board Part xilinx.com:zcu102:part0:3.4 available at C:/Xilinx/Vivado/2023.2/data/xhub/boards/XilinxBoardStore/boards/Xilinx/zcu102/3.4/board.xml as part xczu9eg-ffvb1156-2-e specified in board_part file is either invalid or not available
WARNING: [Board 49-26] cannot add Board Part xilinx.com:zcu111:part0:1.2 available at C:/Xilinx/Vivado/2023.2/data/xhub/boards/XilinxBoardStore/boards/Xilinx/zcu111/1.2/board.xml as part xczu28dr-ffvg1517-2-e specified in board_part file is either invalid or not available
WARNING: [Board 49-26] cannot add Board Part xilinx.com:zcu111:part0:1.3 available at C:/Xilinx/Vivado/2023.2/data/xhub/boards/XilinxBoardStore/boards/Xilinx/zcu111/1.3/board.xml as part xczu28dr-ffvg1517-2-e specified in board_part file is either invalid or not available
WARNING: [Board 49-26] cannot add Board Part xilinx.com:zcu111:part0:1.4 available at C:/Xilinx/Vivado/2023.2/data/xhub/boards/XilinxBoardStore/boards/Xilinx/zcu111/1.4/board.xml as part xczu28dr-ffvg1517-2-e specified in board_part file is either invalid or not available
WARNING: [Board 49-26] cannot add Board Part xilinx.com:zcu1275:part0:1.0 available at C:/Xilinx/Vivado/2023.2/data/xhub/boards/XilinxBoardStore/boards/Xilinx/zcu1275/1.0/board.xml as part xczu29dr-ffvf1760-2-e specified in board_part file is either invalid or not available
WARNING: [Board 49-26] cannot add Board Part xilinx.com:zcu1285:part0:1.0 available at C:/Xilinx/Vivado/2023.2/data/xhub/boards/XilinxBoardStore/boards/Xilinx/zcu1285/1.0/board.xml as part xczu39dr-ffvf1760-2-i specified in board_part file is either invalid or not available
WARNING: [Board 49-26] cannot add Board Part xilinx.com:zcu208:part0:2.0 available at C:/Xilinx/Vivado/2023.2/data/xhub/boards/XilinxBoardStore/boards/Xilinx/zcu208/production/2.0/board.xml as part xczu48dr-fsvg1517-2-e specified in board_part file is either invalid or not available
WARNING: [Board 49-26] cannot add Board Part xilinx.com:zcu208ld:part0:2.0 available at C:/Xilinx/Vivado/2023.2/data/xhub/boards/XilinxBoardStore/boards/Xilinx/zcu208ld/production/2.0/board.xml as part xczu58dr-fsvg1517-2-i specified in board_part file is either invalid or not available
WARNING: [Board 49-26] cannot add Board Part xilinx.com:zcu216:part0:2.0 available at C:/Xilinx/Vivado/2023.2/data/xhub/boards/XilinxBoardStore/boards/Xilinx/zcu216/production/2.0/board.xml as part xczu49dr-ffvf1760-2-e specified in board_part file is either invalid or not available
WARNING: [Board 49-26] cannot add Board Part xilinx.com:zcu216ld:part0:2.0 available at C:/Xilinx/Vivado/2023.2/data/xhub/boards/XilinxBoardStore/boards/Xilinx/zcu216ld/production/2.0/board.xml as part xczu59dr-ffvf1760-2-i specified in board_part file is either invalid or not available
WARNING: [Board 49-26] cannot add Board Part xilinx.com:zcu670:part0:2.0 available at C:/Xilinx/Vivado/2023.2/data/xhub/boards/XilinxBoardStore/boards/Xilinx/zcu670/2.0/board.xml as part xczu67dr-fsve1156-2-i specified in board_part file is either invalid or not available
WARNING: [Board 49-26] cannot add Board Part xilinx.com:zcu670ld:part0:1.0 available at C:/Xilinx/Vivado/2023.2/data/xhub/boards/XilinxBoardStore/boards/Xilinx/zcu670ld/1.0/board.xml as part xczu57dr-fsve1156-2-i specified in board_part file is either invalid or not available
INFO: [filemgmt 56-3] Default IP Output Path : Could not find the directory 'C:/Users/D4nny/Documents/HDL/PipelineRISCVCalPoly/vivado_2023.2/vivado_2023.2.gen/sources_1'.
Scanning sources...
Finished scanning sources
INFO: [IP_Flow 19-234] Refreshing IP repositories
INFO: [IP_Flow 19-1704] No user IP repositories specified
INFO: [IP_Flow 19-2313] Loaded Vivado IP repository 'C:/Xilinx/Vivado/2023.2/data/ip'.
open_project: Time (s): cpu = 00:00:06 ; elapsed = 00:00:06 . Memory (MB): peak = 1555.844 ; gain = 150.234
update_compile_order -fileset sources_1
WARNING: [filemgmt 56-199] Attempt to get parsing info during refresh. "On-the-fly" syntax checking information may be incorrect. [C:\Users\D4nny\Documents\HDL\PipelineRISCVCalPoly\rtl\hazard.sv:]
WARNING: [filemgmt 56-199] Attempt to get parsing info during refresh. "On-the-fly" syntax checking information may be incorrect. [C:\Users\D4nny\Documents\HDL\PipelineRISCVCalPoly\rtl\otter_mcu.sv:]
WARNING: [filemgmt 56-199] Attempt to get parsing info during refresh. "On-the-fly" syntax checking information may be incorrect. [C:\Users\D4nny\Documents\HDL\PipelineRISCVCalPoly\rtl\otter_wrapper.sv:]
WARNING: [filemgmt 56-199] Attempt to get parsing info during refresh. "On-the-fly" syntax checking information may be incorrect. [C:\Users\D4nny\Documents\HDL\PipelineRISCVCalPoly\rtl\hazard.sv:]
WARNING: [filemgmt 56-199] Attempt to get parsing info during refresh. "On-the-fly" syntax checking information may be incorrect. [C:\Users\D4nny\Documents\HDL\PipelineRISCVCalPoly\rtl\otter_mcu.sv:]
WARNING: [filemgmt 56-199] Attempt to get parsing info during refresh. "On-the-fly" syntax checking information may be incorrect. [C:\Users\D4nny\Documents\HDL\PipelineRISCVCalPoly\rtl\otter_wrapper.sv:]
ERROR: [Common 17-180] Spawn failed: No error
launch_simulation
Command: launch_simulation 
INFO: [Vivado 12-12493] Simulation top is 'test_pipeline'
WARNING: [Vivado 12-13340] Unable to auto find GCC executables from simulator install path! (path not set)
INFO: [Vivado 12-5682] Launching behavioral simulation in 'C:/Users/D4nny/Documents/HDL/PipelineRISCVCalPoly/vivado_2023.2/vivado_2023.2.sim/sim_1/behav/xsim'
INFO: [SIM-utils-51] Simulation object is 'sim_1'
INFO: [SIM-utils-72] Using boost library from 'C:/Xilinx/Vivado/2023.2/tps/boost_1_72_0'
INFO: [SIM-utils-54] Inspecting design source files for 'test_pipeline' in fileset 'sim_1'...
INFO: [SIM-utils-43] Exported 'C:/Users/D4nny/Documents/HDL/PipelineRISCVCalPoly/vivado_2023.2/vivado_2023.2.sim/sim_1/behav/xsim/otter_memory.mem'
INFO: [USF-XSim-97] Finding global include files...
INFO: [USF-XSim-98] Fetching design files from 'sim_1'...
INFO: [USF-XSim-2] XSim::Compile design
INFO: [USF-XSim-61] Executing 'COMPILE and ANALYZE' step in 'C:/Users/D4nny/Documents/HDL/PipelineRISCVCalPoly/vivado_2023.2/vivado_2023.2.sim/sim_1/behav/xsim'
"xvlog --incr --relax -L uvm -prj test_pipeline_vlog.prj"
ECHO is off.
ECHO is off.
INFO: [VRFC 10-2263] Analyzing SystemVerilog file "C:/Users/D4nny/Documents/HDL/PipelineRISCVCalPoly/rtl/Branch_cond_gen.sv" into library xil_defaultlib
INFO: [VRFC 10-311] analyzing module BranchCondGen
INFO: [VRFC 10-2263] Analyzing SystemVerilog file "C:/Users/D4nny/Documents/HDL/PipelineRISCVCalPoly/rtl/alu.sv" into library xil_defaultlib
INFO: [VRFC 10-311] analyzing module ALU
INFO: [VRFC 10-2263] Analyzing SystemVerilog file "C:/Users/D4nny/Documents/HDL/PipelineRISCVCalPoly/rtl/control_unit.sv" into library xil_defaultlib
INFO: [VRFC 10-311] analyzing module ControlUnit
INFO: [VRFC 10-2263] Analyzing SystemVerilog file "C:/Users/D4nny/Documents/HDL/PipelineRISCVCalPoly/rtl/hazard.sv" into library xil_defaultlib
INFO: [VRFC 10-311] analyzing module HazardUnit
INFO: [VRFC 10-2263] Analyzing SystemVerilog file "C:/Users/D4nny/Documents/HDL/PipelineRISCVCalPoly/rtl/immed_gen.sv" into library xil_defaultlib
INFO: [VRFC 10-311] analyzing module ImmedGen
INFO: [VRFC 10-2263] Analyzing SystemVerilog file "C:/Users/D4nny/Documents/HDL/PipelineRISCVCalPoly/rtl/structs.sv" into library xil_defaultlib
INFO: [VRFC 10-311] analyzing module p_structs
INFO: [VRFC 10-2263] Analyzing SystemVerilog file "C:/Users/D4nny/Documents/HDL/PipelineRISCVCalPoly/rtl/otter_mcu.sv" into library xil_defaultlib
INFO: [VRFC 10-311] analyzing module OTTER_MCU
INFO: [VRFC 10-2263] Analyzing SystemVerilog file "C:/Users/D4nny/Documents/HDL/PipelineRISCVCalPoly/rtl/otter_memory.sv" into library xil_defaultlib
INFO: [VRFC 10-311] analyzing module Memory
INFO: [VRFC 10-2263] Analyzing SystemVerilog file "C:/Users/D4nny/Documents/HDL/PipelineRISCVCalPoly/rtl/otter_wrapper.sv" into library xil_defaultlib
INFO: [VRFC 10-311] analyzing module OTTER_Wrapper
INFO: [VRFC 10-2263] Analyzing SystemVerilog file "C:/Users/D4nny/Documents/HDL/PipelineRISCVCalPoly/rtl/reg_file.sv" into library xil_defaultlib
INFO: [VRFC 10-311] analyzing module RegFile
INFO: [VRFC 10-2263] Analyzing SystemVerilog file "C:/Users/D4nny/Documents/HDL/PipelineRISCVCalPoly/rtl/register_nb.sv" into library xil_defaultlib
INFO: [VRFC 10-311] analyzing module reg_nb
INFO: [VRFC 10-2263] Analyzing SystemVerilog file "C:/Users/D4nny/Documents/HDL/PipelineRISCVCalPoly/rtl/test_pipeline.sv" into library xil_defaultlib
INFO: [VRFC 10-311] analyzing module test_pipeline
INFO: [VRFC 10-2263] Analyzing Verilog file "C:/Users/D4nny/Documents/HDL/PipelineRISCVCalPoly/vivado_2023.2/vivado_2023.2.sim/sim_1/behav/xsim/glbl.v" into library xil_defaultlib
INFO: [VRFC 10-311] analyzing module glbl
INFO: [USF-XSim-69] 'compile' step finished in '2' seconds
INFO: [USF-XSim-3] XSim::Elaborate design
INFO: [USF-XSim-61] Executing 'ELABORATE' step in 'C:/Users/D4nny/Documents/HDL/PipelineRISCVCalPoly/vivado_2023.2/vivado_2023.2.sim/sim_1/behav/xsim'
"xelab --incr --debug typical --relax --mt 2 -L xil_defaultlib -L uvm -L unisims_ver -L unimacro_ver -L secureip --snapshot test_pipeline_behav xil_defaultlib.test_pipeline xil_defaultlib.glbl -log elaborate.log"
ECHO is off.
ECHO is off.
Vivado Simulator v2023.2
Copyright 1986-2022 Xilinx, Inc. All Rights Reserved.
Copyright 2022-2023 Advanced Micro Devices, Inc. All Rights Reserved.
Running: C:/Xilinx/Vivado/2023.2/bin/unwrapped/win64.o/xelab.exe --incr --debug typical --relax --mt 2 -L xil_defaultlib -L uvm -L unisims_ver -L unimacro_ver -L secureip --snapshot test_pipeline_behav xil_defaultlib.test_pipeline xil_defaultlib.glbl -log elaborate.log 
Using 2 slave threads.
Starting static elaboration
Pass Through NonSizing Optimizer
WARNING: [VRFC 10-3823] variable 'btns' might have multiple concurrent drivers [C:/Users/D4nny/Documents/HDL/PipelineRISCVCalPoly/rtl/test_pipeline.sv:46]
Completed static elaboration
Starting simulation data flow analysis
WARNING: [VRFC 10-2649] an enum variable may only be assigned the same enum typed variable or one of its values [C:/Users/D4nny/Documents/HDL/PipelineRISCVCalPoly/rtl/control_unit.sv:30]
WARNING: [VRFC 10-2649] an enum variable may only be assigned the same enum typed variable or one of its values [C:/Users/D4nny/Documents/HDL/PipelineRISCVCalPoly/rtl/Branch_cond_gen.sv:46]
WARNING: [VRFC 10-2649] an enum variable may only be assigned the same enum typed variable or one of its values [C:/Users/D4nny/Documents/HDL/PipelineRISCVCalPoly/rtl/alu.sv:44]
Completed simulation data flow analysis
Time Resolution for simulation is 1ps
Compiling package xil_defaultlib.structs
Compiling module xil_defaultlib.reg_nb(n=32)
Compiling module xil_defaultlib.Memory
Compiling module xil_defaultlib.ControlUnit
Compiling module xil_defaultlib.ImmedGen
Compiling module xil_defaultlib.RegFile
Compiling module xil_defaultlib.BranchCondGen
Compiling module xil_defaultlib.ALU
Compiling module xil_defaultlib.HazardUnit
Compiling module xil_defaultlib.OTTER_MCU
Compiling module xil_defaultlib.OTTER_Wrapper
Compiling module xil_defaultlib.test_pipeline
Compiling module xil_defaultlib.glbl
Built simulation snapshot test_pipeline_behav
INFO: [USF-XSim-69] 'elaborate' step finished in '1' seconds
INFO: [USF-XSim-4] XSim::Simulate design
INFO: [USF-XSim-61] Executing 'SIMULATE' step in 'C:/Users/D4nny/Documents/HDL/PipelineRISCVCalPoly/vivado_2023.2/vivado_2023.2.sim/sim_1/behav/xsim'
INFO: [USF-XSim-98] *** Running xsim
   with args "test_pipeline_behav -key {Behavioral:sim_1:Functional:test_pipeline} -tclbatch {test_pipeline.tcl} -view {C:/Users/D4nny/Documents/HDL/PipelineRISCVCalPoly/vivado_2023.2/test_pipeline_behav.wcfg} -log {simulate.log}"
INFO: [USF-XSim-8] Loading simulator feature
Time resolution is 1 ps
open_wave_config C:/Users/D4nny/Documents/HDL/PipelineRISCVCalPoly/vivado_2023.2/test_pipeline_behav.wcfg
source test_pipeline.tcl
# set curr_wave [current_wave_config]
# if { [string length $curr_wave] == 0 } {
#   if { [llength [get_objects]] > 0} {
#     add_wave /
#     set_property needs_save false [current_wave_config]
#   } else {
#      send_msg_id Add_Wave-1 WARNING "No top level signals found. Simulator will start without a wave window. If you want to open a wave window go to 'File->New Waveform Configuration' or type 'create_wave_config' in the TCL console."
#   }
# }
# run 1000ns
INFO: [USF-XSim-96] XSim completed. Design snapshot 'test_pipeline_behav' loaded.
INFO: [USF-XSim-97] XSim simulation ran for 1000ns
launch_simulation: Time (s): cpu = 00:00:01 ; elapsed = 00:00:06 . Memory (MB): peak = 1634.258 ; gain = 40.098
close_sim
INFO: [Simtcl 6-16] Simulation closed
launch_simulation
Command: launch_simulation 
INFO: [Vivado 12-12493] Simulation top is 'test_pipeline'
WARNING: [Vivado 12-13340] Unable to auto find GCC executables from simulator install path! (path not set)
INFO: [Vivado 12-5682] Launching behavioral simulation in 'C:/Users/D4nny/Documents/HDL/PipelineRISCVCalPoly/vivado_2023.2/vivado_2023.2.sim/sim_1/behav/xsim'
INFO: [SIM-utils-51] Simulation object is 'sim_1'
INFO: [SIM-utils-72] Using boost library from 'C:/Xilinx/Vivado/2023.2/tps/boost_1_72_0'
INFO: [SIM-utils-54] Inspecting design source files for 'test_pipeline' in fileset 'sim_1'...
INFO: [SIM-utils-43] Exported 'C:/Users/D4nny/Documents/HDL/PipelineRISCVCalPoly/vivado_2023.2/vivado_2023.2.sim/sim_1/behav/xsim/otter_memory.mem'
INFO: [USF-XSim-97] Finding global include files...
INFO: [USF-XSim-98] Fetching design files from 'sim_1'...
INFO: [USF-XSim-2] XSim::Compile design
INFO: [USF-XSim-61] Executing 'COMPILE and ANALYZE' step in 'C:/Users/D4nny/Documents/HDL/PipelineRISCVCalPoly/vivado_2023.2/vivado_2023.2.sim/sim_1/behav/xsim'
"xvlog --incr --relax -L uvm -prj test_pipeline_vlog.prj"
ECHO is off.
ECHO is off.
INFO: [USF-XSim-69] 'compile' step finished in '2' seconds
INFO: [USF-XSim-3] XSim::Elaborate design
INFO: [USF-XSim-61] Executing 'ELABORATE' step in 'C:/Users/D4nny/Documents/HDL/PipelineRISCVCalPoly/vivado_2023.2/vivado_2023.2.sim/sim_1/behav/xsim'
"xelab --incr --debug typical --relax --mt 2 -L xil_defaultlib -L uvm -L unisims_ver -L unimacro_ver -L secureip --snapshot test_pipeline_behav xil_defaultlib.test_pipeline xil_defaultlib.glbl -log elaborate.log"
ECHO is off.
ECHO is off.
Vivado Simulator v2023.2
Copyright 1986-2022 Xilinx, Inc. All Rights Reserved.
Copyright 2022-2023 Advanced Micro Devices, Inc. All Rights Reserved.
Running: C:/Xilinx/Vivado/2023.2/bin/unwrapped/win64.o/xelab.exe --incr --debug typical --relax --mt 2 -L xil_defaultlib -L uvm -L unisims_ver -L unimacro_ver -L secureip --snapshot test_pipeline_behav xil_defaultlib.test_pipeline xil_defaultlib.glbl -log elaborate.log 
Using 2 slave threads.
Starting static elaboration
Pass Through NonSizing Optimizer
WARNING: [VRFC 10-3823] variable 'btns' might have multiple concurrent drivers [C:/Users/D4nny/Documents/HDL/PipelineRISCVCalPoly/rtl/test_pipeline.sv:46]
Completed static elaboration
INFO: [XSIM 43-4323] No Change in HDL. Linking previously generated obj files to create kernel
INFO: [USF-XSim-69] 'elaborate' step finished in '1' seconds
INFO: [USF-XSim-4] XSim::Simulate design
INFO: [USF-XSim-61] Executing 'SIMULATE' step in 'C:/Users/D4nny/Documents/HDL/PipelineRISCVCalPoly/vivado_2023.2/vivado_2023.2.sim/sim_1/behav/xsim'
INFO: [USF-XSim-98] *** Running xsim
   with args "test_pipeline_behav -key {Behavioral:sim_1:Functional:test_pipeline} -tclbatch {test_pipeline.tcl} -view {C:/Users/D4nny/Documents/HDL/PipelineRISCVCalPoly/vivado_2023.2/test_pipeline_behav.wcfg} -log {simulate.log}"
INFO: [USF-XSim-8] Loading simulator feature
Time resolution is 1 ps
open_wave_config C:/Users/D4nny/Documents/HDL/PipelineRISCVCalPoly/vivado_2023.2/test_pipeline_behav.wcfg
source test_pipeline.tcl
# set curr_wave [current_wave_config]
# if { [string length $curr_wave] == 0 } {
#   if { [llength [get_objects]] > 0} {
#     add_wave /
#     set_property needs_save false [current_wave_config]
#   } else {
#      send_msg_id Add_Wave-1 WARNING "No top level signals found. Simulator will start without a wave window. If you want to open a wave window go to 'File->New Waveform Configuration' or type 'create_wave_config' in the TCL console."
#   }
# }
# run 1000ns
INFO: [USF-XSim-96] XSim completed. Design snapshot 'test_pipeline_behav' loaded.
INFO: [USF-XSim-97] XSim simulation ran for 1000ns
save_wave_config {C:/Users/D4nny/Documents/HDL/PipelineRISCVCalPoly/vivado_2023.2/test_pipeline_behav.wcfg}
save_wave_config {C:/Users/D4nny/Documents/HDL/PipelineRISCVCalPoly/vivado_2023.2/test_pipeline_behav.wcfg}
relaunch_sim
Command: launch_simulation -step compile -simset sim_1 -mode behavioral
INFO: [Vivado 12-12493] Simulation top is 'test_pipeline'
WARNING: [Vivado 12-13340] Unable to auto find GCC executables from simulator install path! (path not set)
INFO: [Vivado 12-5682] Launching behavioral simulation in 'C:/Users/D4nny/Documents/HDL/PipelineRISCVCalPoly/vivado_2023.2/vivado_2023.2.sim/sim_1/behav/xsim'
INFO: [SIM-utils-51] Simulation object is 'sim_1'
INFO: [SIM-utils-72] Using boost library from 'C:/Xilinx/Vivado/2023.2/tps/boost_1_72_0'
INFO: [SIM-utils-54] Inspecting design source files for 'test_pipeline' in fileset 'sim_1'...
INFO: [SIM-utils-43] Exported 'C:/Users/D4nny/Documents/HDL/PipelineRISCVCalPoly/vivado_2023.2/vivado_2023.2.sim/sim_1/behav/xsim/otter_memory.mem'
INFO: [USF-XSim-97] Finding global include files...
INFO: [USF-XSim-98] Fetching design files from 'sim_1'...
INFO: [USF-XSim-2] XSim::Compile design
INFO: [USF-XSim-61] Executing 'COMPILE and ANALYZE' step in 'C:/Users/D4nny/Documents/HDL/PipelineRISCVCalPoly/vivado_2023.2/vivado_2023.2.sim/sim_1/behav/xsim'
"xvlog --incr --relax -L uvm -prj test_pipeline_vlog.prj"
ECHO is off.
ECHO is off.
INFO: [VRFC 10-2263] Analyzing SystemVerilog file "C:/Users/D4nny/Documents/HDL/PipelineRISCVCalPoly/rtl/Branch_cond_gen.sv" into library xil_defaultlib
INFO: [VRFC 10-311] analyzing module BranchCondGen
INFO: [VRFC 10-2263] Analyzing SystemVerilog file "C:/Users/D4nny/Documents/HDL/PipelineRISCVCalPoly/rtl/alu.sv" into library xil_defaultlib
INFO: [VRFC 10-311] analyzing module ALU
INFO: [VRFC 10-2263] Analyzing SystemVerilog file "C:/Users/D4nny/Documents/HDL/PipelineRISCVCalPoly/rtl/control_unit.sv" into library xil_defaultlib
INFO: [VRFC 10-311] analyzing module ControlUnit
INFO: [VRFC 10-2263] Analyzing SystemVerilog file "C:/Users/D4nny/Documents/HDL/PipelineRISCVCalPoly/rtl/hazard.sv" into library xil_defaultlib
INFO: [VRFC 10-311] analyzing module HazardUnit
INFO: [VRFC 10-2263] Analyzing SystemVerilog file "C:/Users/D4nny/Documents/HDL/PipelineRISCVCalPoly/rtl/immed_gen.sv" into library xil_defaultlib
INFO: [VRFC 10-311] analyzing module ImmedGen
INFO: [VRFC 10-2263] Analyzing SystemVerilog file "C:/Users/D4nny/Documents/HDL/PipelineRISCVCalPoly/rtl/structs.sv" into library xil_defaultlib
INFO: [VRFC 10-311] analyzing module p_structs
INFO: [VRFC 10-2263] Analyzing SystemVerilog file "C:/Users/D4nny/Documents/HDL/PipelineRISCVCalPoly/rtl/otter_mcu.sv" into library xil_defaultlib
INFO: [VRFC 10-311] analyzing module OTTER_MCU
INFO: [VRFC 10-2263] Analyzing SystemVerilog file "C:/Users/D4nny/Documents/HDL/PipelineRISCVCalPoly/rtl/otter_memory.sv" into library xil_defaultlib
INFO: [VRFC 10-311] analyzing module Memory
INFO: [VRFC 10-2263] Analyzing SystemVerilog file "C:/Users/D4nny/Documents/HDL/PipelineRISCVCalPoly/rtl/otter_wrapper.sv" into library xil_defaultlib
INFO: [VRFC 10-311] analyzing module OTTER_Wrapper
INFO: [VRFC 10-2263] Analyzing SystemVerilog file "C:/Users/D4nny/Documents/HDL/PipelineRISCVCalPoly/rtl/reg_file.sv" into library xil_defaultlib
INFO: [VRFC 10-311] analyzing module RegFile
INFO: [VRFC 10-2263] Analyzing SystemVerilog file "C:/Users/D4nny/Documents/HDL/PipelineRISCVCalPoly/rtl/register_nb.sv" into library xil_defaultlib
INFO: [VRFC 10-311] analyzing module reg_nb
INFO: [VRFC 10-2263] Analyzing SystemVerilog file "C:/Users/D4nny/Documents/HDL/PipelineRISCVCalPoly/rtl/test_pipeline.sv" into library xil_defaultlib
INFO: [VRFC 10-311] analyzing module test_pipeline
INFO: [USF-XSim-69] 'compile' step finished in '2' seconds
Command: launch_simulation -step elaborate -simset sim_1 -mode behavioral
INFO: [Vivado 12-12493] Simulation top is 'test_pipeline'
WARNING: [Vivado 12-13340] Unable to auto find GCC executables from simulator install path! (path not set)
INFO: [Vivado 12-5682] Launching behavioral simulation in 'C:/Users/D4nny/Documents/HDL/PipelineRISCVCalPoly/vivado_2023.2/vivado_2023.2.sim/sim_1/behav/xsim'
INFO: [SIM-utils-51] Simulation object is 'sim_1'
INFO: [USF-XSim-3] XSim::Elaborate design
INFO: [USF-XSim-61] Executing 'ELABORATE' step in 'C:/Users/D4nny/Documents/HDL/PipelineRISCVCalPoly/vivado_2023.2/vivado_2023.2.sim/sim_1/behav/xsim'
"xelab --incr --debug typical --relax --mt 2 -L xil_defaultlib -L uvm -L unisims_ver -L unimacro_ver -L secureip --snapshot test_pipeline_behav xil_defaultlib.test_pipeline xil_defaultlib.glbl -log elaborate.log"
ECHO is off.
ECHO is off.
Vivado Simulator v2023.2
Copyright 1986-2022 Xilinx, Inc. All Rights Reserved.
Copyright 2022-2023 Advanced Micro Devices, Inc. All Rights Reserved.
Running: C:/Xilinx/Vivado/2023.2/bin/unwrapped/win64.o/xelab.exe --incr --debug typical --relax --mt 2 -L xil_defaultlib -L uvm -L unisims_ver -L unimacro_ver -L secureip --snapshot test_pipeline_behav xil_defaultlib.test_pipeline xil_defaultlib.glbl -log elaborate.log 
Using 2 slave threads.
Starting static elaboration
Pass Through NonSizing Optimizer
ERROR: [VRFC 10-2991] 'OTTER_MCU' is not declared under prefix 'DUT' [C:/Users/D4nny/Documents/HDL/PipelineRISCVCalPoly/rtl/test_pipeline.sv:52]
ERROR: [XSIM 43-3322] Static elaboration of top level Verilog design unit(s) in library work failed.
INFO: [USF-XSim-69] 'elaborate' step finished in '1' seconds
INFO: [USF-XSim-99] Step results log file:'C:/Users/D4nny/Documents/HDL/PipelineRISCVCalPoly/vivado_2023.2/vivado_2023.2.sim/sim_1/behav/xsim/elaborate.log'
ERROR: [USF-XSim-62] 'elaborate' step failed with error(s). Please check the Tcl console output or 'C:/Users/D4nny/Documents/HDL/PipelineRISCVCalPoly/vivado_2023.2/vivado_2023.2.sim/sim_1/behav/xsim/elaborate.log' file for more information.
ERROR: [Vivado 12-4473] Detected error while running simulation. Please correct the issue and retry this operation.
ERROR: [Common 17-39] 'launch_simulation' failed due to earlier errors.
ERROR: [Common 17-69] Command failed: ERROR: [Common 17-39] 'launch_simulation' failed due to earlier errors.

relaunch_sim
Command: launch_simulation -step compile -simset sim_1 -mode behavioral
INFO: [Vivado 12-12493] Simulation top is 'test_pipeline'
WARNING: [Vivado 12-13340] Unable to auto find GCC executables from simulator install path! (path not set)
INFO: [Vivado 12-5682] Launching behavioral simulation in 'C:/Users/D4nny/Documents/HDL/PipelineRISCVCalPoly/vivado_2023.2/vivado_2023.2.sim/sim_1/behav/xsim'
INFO: [SIM-utils-51] Simulation object is 'sim_1'
INFO: [USF-XSim-2] XSim::Compile design
INFO: [USF-XSim-61] Executing 'COMPILE and ANALYZE' step in 'C:/Users/D4nny/Documents/HDL/PipelineRISCVCalPoly/vivado_2023.2/vivado_2023.2.sim/sim_1/behav/xsim'
"xvlog --incr --relax -L uvm -prj test_pipeline_vlog.prj"
ECHO is off.
ECHO is off.
INFO: [VRFC 10-2263] Analyzing SystemVerilog file "C:/Users/D4nny/Documents/HDL/PipelineRISCVCalPoly/rtl/Branch_cond_gen.sv" into library xil_defaultlib
INFO: [VRFC 10-311] analyzing module BranchCondGen
INFO: [VRFC 10-2263] Analyzing SystemVerilog file "C:/Users/D4nny/Documents/HDL/PipelineRISCVCalPoly/rtl/alu.sv" into library xil_defaultlib
INFO: [VRFC 10-311] analyzing module ALU
INFO: [VRFC 10-2263] Analyzing SystemVerilog file "C:/Users/D4nny/Documents/HDL/PipelineRISCVCalPoly/rtl/control_unit.sv" into library xil_defaultlib
INFO: [VRFC 10-311] analyzing module ControlUnit
INFO: [VRFC 10-2263] Analyzing SystemVerilog file "C:/Users/D4nny/Documents/HDL/PipelineRISCVCalPoly/rtl/hazard.sv" into library xil_defaultlib
INFO: [VRFC 10-311] analyzing module HazardUnit
INFO: [VRFC 10-2263] Analyzing SystemVerilog file "C:/Users/D4nny/Documents/HDL/PipelineRISCVCalPoly/rtl/immed_gen.sv" into library xil_defaultlib
INFO: [VRFC 10-311] analyzing module ImmedGen
INFO: [VRFC 10-2263] Analyzing SystemVerilog file "C:/Users/D4nny/Documents/HDL/PipelineRISCVCalPoly/rtl/structs.sv" into library xil_defaultlib
INFO: [VRFC 10-311] analyzing module p_structs
INFO: [VRFC 10-2263] Analyzing SystemVerilog file "C:/Users/D4nny/Documents/HDL/PipelineRISCVCalPoly/rtl/otter_mcu.sv" into library xil_defaultlib
INFO: [VRFC 10-311] analyzing module OTTER_MCU
INFO: [VRFC 10-2263] Analyzing SystemVerilog file "C:/Users/D4nny/Documents/HDL/PipelineRISCVCalPoly/rtl/otter_memory.sv" into library xil_defaultlib
INFO: [VRFC 10-311] analyzing module Memory
INFO: [VRFC 10-2263] Analyzing SystemVerilog file "C:/Users/D4nny/Documents/HDL/PipelineRISCVCalPoly/rtl/otter_wrapper.sv" into library xil_defaultlib
INFO: [VRFC 10-311] analyzing module OTTER_Wrapper
INFO: [VRFC 10-2263] Analyzing SystemVerilog file "C:/Users/D4nny/Documents/HDL/PipelineRISCVCalPoly/rtl/reg_file.sv" into library xil_defaultlib
INFO: [VRFC 10-311] analyzing module RegFile
INFO: [VRFC 10-2263] Analyzing SystemVerilog file "C:/Users/D4nny/Documents/HDL/PipelineRISCVCalPoly/rtl/register_nb.sv" into library xil_defaultlib
INFO: [VRFC 10-311] analyzing module reg_nb
INFO: [VRFC 10-2263] Analyzing SystemVerilog file "C:/Users/D4nny/Documents/HDL/PipelineRISCVCalPoly/rtl/test_pipeline.sv" into library xil_defaultlib
INFO: [VRFC 10-311] analyzing module test_pipeline
INFO: [USF-XSim-69] 'compile' step finished in '2' seconds
Command: launch_simulation -step elaborate -simset sim_1 -mode behavioral
INFO: [Vivado 12-12493] Simulation top is 'test_pipeline'
WARNING: [Vivado 12-13340] Unable to auto find GCC executables from simulator install path! (path not set)
INFO: [Vivado 12-5682] Launching behavioral simulation in 'C:/Users/D4nny/Documents/HDL/PipelineRISCVCalPoly/vivado_2023.2/vivado_2023.2.sim/sim_1/behav/xsim'
INFO: [SIM-utils-51] Simulation object is 'sim_1'
INFO: [USF-XSim-3] XSim::Elaborate design
INFO: [USF-XSim-61] Executing 'ELABORATE' step in 'C:/Users/D4nny/Documents/HDL/PipelineRISCVCalPoly/vivado_2023.2/vivado_2023.2.sim/sim_1/behav/xsim'
"xelab --incr --debug typical --relax --mt 2 -L xil_defaultlib -L uvm -L unisims_ver -L unimacro_ver -L secureip --snapshot test_pipeline_behav xil_defaultlib.test_pipeline xil_defaultlib.glbl -log elaborate.log"
ECHO is off.
ECHO is off.
Vivado Simulator v2023.2
Copyright 1986-2022 Xilinx, Inc. All Rights Reserved.
Copyright 2022-2023 Advanced Micro Devices, Inc. All Rights Reserved.
Running: C:/Xilinx/Vivado/2023.2/bin/unwrapped/win64.o/xelab.exe --incr --debug typical --relax --mt 2 -L xil_defaultlib -L uvm -L unisims_ver -L unimacro_ver -L secureip --snapshot test_pipeline_behav xil_defaultlib.test_pipeline xil_defaultlib.glbl -log elaborate.log 
Using 2 slave threads.
Starting static elaboration
Pass Through NonSizing Optimizer
ERROR: [VRFC 10-2991] 'OTTER_MCU' is not declared under prefix 'DUT' [C:/Users/D4nny/Documents/HDL/PipelineRISCVCalPoly/rtl/test_pipeline.sv:52]
ERROR: [XSIM 43-3322] Static elaboration of top level Verilog design unit(s) in library work failed.
INFO: [USF-XSim-69] 'elaborate' step finished in '1' seconds
INFO: [USF-XSim-99] Step results log file:'C:/Users/D4nny/Documents/HDL/PipelineRISCVCalPoly/vivado_2023.2/vivado_2023.2.sim/sim_1/behav/xsim/elaborate.log'
ERROR: [USF-XSim-62] 'elaborate' step failed with error(s). Please check the Tcl console output or 'C:/Users/D4nny/Documents/HDL/PipelineRISCVCalPoly/vivado_2023.2/vivado_2023.2.sim/sim_1/behav/xsim/elaborate.log' file for more information.
ERROR: [Vivado 12-4473] Detected error while running simulation. Please correct the issue and retry this operation.
ERROR: [Common 17-39] 'launch_simulation' failed due to earlier errors.
ERROR: [Common 17-69] Command failed: ERROR: [Common 17-39] 'launch_simulation' failed due to earlier errors.

WARNING: [filemgmt 56-199] Attempt to get parsing info during refresh. "On-the-fly" syntax checking information may be incorrect. [C:\Users\D4nny\Documents\HDL\PipelineRISCVCalPoly\rtl\otter_mcu.sv:]
WARNING: [filemgmt 56-199] Attempt to get parsing info during refresh. "On-the-fly" syntax checking information may be incorrect. [C:\Users\D4nny\Documents\HDL\PipelineRISCVCalPoly\rtl\otter_wrapper.sv:]
WARNING: [filemgmt 56-199] Attempt to get parsing info during refresh. "On-the-fly" syntax checking information may be incorrect. [C:\Users\D4nny\Documents\HDL\PipelineRISCVCalPoly\rtl\test_pipeline.sv:]
WARNING: [filemgmt 56-199] Attempt to get parsing info during refresh. "On-the-fly" syntax checking information may be incorrect. [C:\Users\D4nny\Documents\HDL\PipelineRISCVCalPoly\rtl\otter_mcu.sv:]
relaunch_sim
Command: launch_simulation -step compile -simset sim_1 -mode behavioral
INFO: [Vivado 12-12493] Simulation top is 'test_pipeline'
WARNING: [Vivado 12-13340] Unable to auto find GCC executables from simulator install path! (path not set)
INFO: [Vivado 12-5682] Launching behavioral simulation in 'C:/Users/D4nny/Documents/HDL/PipelineRISCVCalPoly/vivado_2023.2/vivado_2023.2.sim/sim_1/behav/xsim'
INFO: [SIM-utils-51] Simulation object is 'sim_1'
INFO: [USF-XSim-2] XSim::Compile design
INFO: [USF-XSim-61] Executing 'COMPILE and ANALYZE' step in 'C:/Users/D4nny/Documents/HDL/PipelineRISCVCalPoly/vivado_2023.2/vivado_2023.2.sim/sim_1/behav/xsim'
"xvlog --incr --relax -L uvm -prj test_pipeline_vlog.prj"
ECHO is off.
ECHO is off.
INFO: [VRFC 10-2263] Analyzing SystemVerilog file "C:/Users/D4nny/Documents/HDL/PipelineRISCVCalPoly/rtl/Branch_cond_gen.sv" into library xil_defaultlib
INFO: [VRFC 10-311] analyzing module BranchCondGen
INFO: [VRFC 10-2263] Analyzing SystemVerilog file "C:/Users/D4nny/Documents/HDL/PipelineRISCVCalPoly/rtl/alu.sv" into library xil_defaultlib
INFO: [VRFC 10-311] analyzing module ALU
INFO: [VRFC 10-2263] Analyzing SystemVerilog file "C:/Users/D4nny/Documents/HDL/PipelineRISCVCalPoly/rtl/control_unit.sv" into library xil_defaultlib
INFO: [VRFC 10-311] analyzing module ControlUnit
INFO: [VRFC 10-2263] Analyzing SystemVerilog file "C:/Users/D4nny/Documents/HDL/PipelineRISCVCalPoly/rtl/hazard.sv" into library xil_defaultlib
INFO: [VRFC 10-311] analyzing module HazardUnit
INFO: [VRFC 10-2263] Analyzing SystemVerilog file "C:/Users/D4nny/Documents/HDL/PipelineRISCVCalPoly/rtl/immed_gen.sv" into library xil_defaultlib
INFO: [VRFC 10-311] analyzing module ImmedGen
INFO: [VRFC 10-2263] Analyzing SystemVerilog file "C:/Users/D4nny/Documents/HDL/PipelineRISCVCalPoly/rtl/structs.sv" into library xil_defaultlib
INFO: [VRFC 10-311] analyzing module p_structs
INFO: [VRFC 10-2263] Analyzing SystemVerilog file "C:/Users/D4nny/Documents/HDL/PipelineRISCVCalPoly/rtl/otter_mcu.sv" into library xil_defaultlib
INFO: [VRFC 10-311] analyzing module OTTER_MCU
INFO: [VRFC 10-2263] Analyzing SystemVerilog file "C:/Users/D4nny/Documents/HDL/PipelineRISCVCalPoly/rtl/otter_memory.sv" into library xil_defaultlib
INFO: [VRFC 10-311] analyzing module Memory
INFO: [VRFC 10-2263] Analyzing SystemVerilog file "C:/Users/D4nny/Documents/HDL/PipelineRISCVCalPoly/rtl/otter_wrapper.sv" into library xil_defaultlib
INFO: [VRFC 10-311] analyzing module OTTER_Wrapper
INFO: [VRFC 10-2263] Analyzing SystemVerilog file "C:/Users/D4nny/Documents/HDL/PipelineRISCVCalPoly/rtl/reg_file.sv" into library xil_defaultlib
INFO: [VRFC 10-311] analyzing module RegFile
INFO: [VRFC 10-2263] Analyzing SystemVerilog file "C:/Users/D4nny/Documents/HDL/PipelineRISCVCalPoly/rtl/register_nb.sv" into library xil_defaultlib
INFO: [VRFC 10-311] analyzing module reg_nb
INFO: [VRFC 10-2263] Analyzing SystemVerilog file "C:/Users/D4nny/Documents/HDL/PipelineRISCVCalPoly/rtl/test_pipeline.sv" into library xil_defaultlib
INFO: [VRFC 10-311] analyzing module test_pipeline
INFO: [USF-XSim-69] 'compile' step finished in '1' seconds
Command: launch_simulation -step elaborate -simset sim_1 -mode behavioral
INFO: [Vivado 12-12493] Simulation top is 'test_pipeline'
WARNING: [Vivado 12-13340] Unable to auto find GCC executables from simulator install path! (path not set)
INFO: [Vivado 12-5682] Launching behavioral simulation in 'C:/Users/D4nny/Documents/HDL/PipelineRISCVCalPoly/vivado_2023.2/vivado_2023.2.sim/sim_1/behav/xsim'
INFO: [SIM-utils-51] Simulation object is 'sim_1'
INFO: [USF-XSim-3] XSim::Elaborate design
INFO: [USF-XSim-61] Executing 'ELABORATE' step in 'C:/Users/D4nny/Documents/HDL/PipelineRISCVCalPoly/vivado_2023.2/vivado_2023.2.sim/sim_1/behav/xsim'
"xelab --incr --debug typical --relax --mt 2 -L xil_defaultlib -L uvm -L unisims_ver -L unimacro_ver -L secureip --snapshot test_pipeline_behav xil_defaultlib.test_pipeline xil_defaultlib.glbl -log elaborate.log"
ECHO is off.
ECHO is off.
Vivado Simulator v2023.2
Copyright 1986-2022 Xilinx, Inc. All Rights Reserved.
Copyright 2022-2023 Advanced Micro Devices, Inc. All Rights Reserved.
Running: C:/Xilinx/Vivado/2023.2/bin/unwrapped/win64.o/xelab.exe --incr --debug typical --relax --mt 2 -L xil_defaultlib -L uvm -L unisims_ver -L unimacro_ver -L secureip --snapshot test_pipeline_behav xil_defaultlib.test_pipeline xil_defaultlib.glbl -log elaborate.log 
Using 2 slave threads.
Starting static elaboration
Pass Through NonSizing Optimizer
Completed static elaboration
Starting simulation data flow analysis
WARNING: [VRFC 10-2649] an enum variable may only be assigned the same enum typed variable or one of its values [C:/Users/D4nny/Documents/HDL/PipelineRISCVCalPoly/rtl/control_unit.sv:30]
WARNING: [VRFC 10-2649] an enum variable may only be assigned the same enum typed variable or one of its values [C:/Users/D4nny/Documents/HDL/PipelineRISCVCalPoly/rtl/Branch_cond_gen.sv:46]
WARNING: [VRFC 10-2649] an enum variable may only be assigned the same enum typed variable or one of its values [C:/Users/D4nny/Documents/HDL/PipelineRISCVCalPoly/rtl/alu.sv:44]
Completed simulation data flow analysis
Time Resolution for simulation is 1ps
Compiling package xil_defaultlib.structs
Compiling module xil_defaultlib.reg_nb(n=32)
Compiling module xil_defaultlib.Memory
Compiling module xil_defaultlib.ControlUnit
Compiling module xil_defaultlib.ImmedGen
Compiling module xil_defaultlib.RegFile
Compiling module xil_defaultlib.BranchCondGen
Compiling module xil_defaultlib.ALU
Compiling module xil_defaultlib.HazardUnit
Compiling module xil_defaultlib.OTTER_MCU
Compiling module xil_defaultlib.OTTER_Wrapper
Compiling module xil_defaultlib.tb_clk
Compiling module xil_defaultlib.test_pipeline
Compiling module xil_defaultlib.glbl
Built simulation snapshot test_pipeline_behav
INFO: [USF-XSim-69] 'elaborate' step finished in '2' seconds
Time resolution is 1 ps
PC: xxxxxxxx
save_wave_config {C:/Users/D4nny/Documents/HDL/PipelineRISCVCalPoly/vivado_2023.2/test_pipeline_behav.wcfg}
relaunch_sim
Command: launch_simulation -step compile -simset sim_1 -mode behavioral
INFO: [Vivado 12-12493] Simulation top is 'test_pipeline'
WARNING: [Vivado 12-13340] Unable to auto find GCC executables from simulator install path! (path not set)
INFO: [Vivado 12-5682] Launching behavioral simulation in 'C:/Users/D4nny/Documents/HDL/PipelineRISCVCalPoly/vivado_2023.2/vivado_2023.2.sim/sim_1/behav/xsim'
INFO: [SIM-utils-51] Simulation object is 'sim_1'
INFO: [USF-XSim-2] XSim::Compile design
INFO: [USF-XSim-61] Executing 'COMPILE and ANALYZE' step in 'C:/Users/D4nny/Documents/HDL/PipelineRISCVCalPoly/vivado_2023.2/vivado_2023.2.sim/sim_1/behav/xsim'
"xvlog --incr --relax -L uvm -prj test_pipeline_vlog.prj"
ECHO is off.
ECHO is off.
INFO: [VRFC 10-2263] Analyzing SystemVerilog file "C:/Users/D4nny/Documents/HDL/PipelineRISCVCalPoly/rtl/Branch_cond_gen.sv" into library xil_defaultlib
INFO: [VRFC 10-311] analyzing module BranchCondGen
INFO: [VRFC 10-2263] Analyzing SystemVerilog file "C:/Users/D4nny/Documents/HDL/PipelineRISCVCalPoly/rtl/alu.sv" into library xil_defaultlib
INFO: [VRFC 10-311] analyzing module ALU
INFO: [VRFC 10-2263] Analyzing SystemVerilog file "C:/Users/D4nny/Documents/HDL/PipelineRISCVCalPoly/rtl/control_unit.sv" into library xil_defaultlib
INFO: [VRFC 10-311] analyzing module ControlUnit
INFO: [VRFC 10-2263] Analyzing SystemVerilog file "C:/Users/D4nny/Documents/HDL/PipelineRISCVCalPoly/rtl/hazard.sv" into library xil_defaultlib
INFO: [VRFC 10-311] analyzing module HazardUnit
INFO: [VRFC 10-2263] Analyzing SystemVerilog file "C:/Users/D4nny/Documents/HDL/PipelineRISCVCalPoly/rtl/immed_gen.sv" into library xil_defaultlib
INFO: [VRFC 10-311] analyzing module ImmedGen
INFO: [VRFC 10-2263] Analyzing SystemVerilog file "C:/Users/D4nny/Documents/HDL/PipelineRISCVCalPoly/rtl/structs.sv" into library xil_defaultlib
INFO: [VRFC 10-311] analyzing module p_structs
INFO: [VRFC 10-2263] Analyzing SystemVerilog file "C:/Users/D4nny/Documents/HDL/PipelineRISCVCalPoly/rtl/otter_mcu.sv" into library xil_defaultlib
INFO: [VRFC 10-311] analyzing module OTTER_MCU
INFO: [VRFC 10-2263] Analyzing SystemVerilog file "C:/Users/D4nny/Documents/HDL/PipelineRISCVCalPoly/rtl/otter_memory.sv" into library xil_defaultlib
INFO: [VRFC 10-311] analyzing module Memory
INFO: [VRFC 10-2263] Analyzing SystemVerilog file "C:/Users/D4nny/Documents/HDL/PipelineRISCVCalPoly/rtl/otter_wrapper.sv" into library xil_defaultlib
INFO: [VRFC 10-311] analyzing module OTTER_Wrapper
INFO: [VRFC 10-2263] Analyzing SystemVerilog file "C:/Users/D4nny/Documents/HDL/PipelineRISCVCalPoly/rtl/reg_file.sv" into library xil_defaultlib
INFO: [VRFC 10-311] analyzing module RegFile
INFO: [VRFC 10-2263] Analyzing SystemVerilog file "C:/Users/D4nny/Documents/HDL/PipelineRISCVCalPoly/rtl/register_nb.sv" into library xil_defaultlib
INFO: [VRFC 10-311] analyzing module reg_nb
INFO: [VRFC 10-2263] Analyzing SystemVerilog file "C:/Users/D4nny/Documents/HDL/PipelineRISCVCalPoly/rtl/test_pipeline.sv" into library xil_defaultlib
INFO: [VRFC 10-311] analyzing module test_pipeline
INFO: [USF-XSim-69] 'compile' step finished in '1' seconds
Command: launch_simulation -step elaborate -simset sim_1 -mode behavioral
INFO: [Vivado 12-12493] Simulation top is 'test_pipeline'
WARNING: [Vivado 12-13340] Unable to auto find GCC executables from simulator install path! (path not set)
INFO: [Vivado 12-5682] Launching behavioral simulation in 'C:/Users/D4nny/Documents/HDL/PipelineRISCVCalPoly/vivado_2023.2/vivado_2023.2.sim/sim_1/behav/xsim'
INFO: [SIM-utils-51] Simulation object is 'sim_1'
INFO: [USF-XSim-3] XSim::Elaborate design
INFO: [USF-XSim-61] Executing 'ELABORATE' step in 'C:/Users/D4nny/Documents/HDL/PipelineRISCVCalPoly/vivado_2023.2/vivado_2023.2.sim/sim_1/behav/xsim'
"xelab --incr --debug typical --relax --mt 2 -L xil_defaultlib -L uvm -L unisims_ver -L unimacro_ver -L secureip --snapshot test_pipeline_behav xil_defaultlib.test_pipeline xil_defaultlib.glbl -log elaborate.log"
ECHO is off.
ECHO is off.
Vivado Simulator v2023.2
Copyright 1986-2022 Xilinx, Inc. All Rights Reserved.
Copyright 2022-2023 Advanced Micro Devices, Inc. All Rights Reserved.
Running: C:/Xilinx/Vivado/2023.2/bin/unwrapped/win64.o/xelab.exe --incr --debug typical --relax --mt 2 -L xil_defaultlib -L uvm -L unisims_ver -L unimacro_ver -L secureip --snapshot test_pipeline_behav xil_defaultlib.test_pipeline xil_defaultlib.glbl -log elaborate.log 
Using 2 slave threads.
Starting static elaboration
Pass Through NonSizing Optimizer
Completed static elaboration
Starting simulation data flow analysis
WARNING: [VRFC 10-2649] an enum variable may only be assigned the same enum typed variable or one of its values [C:/Users/D4nny/Documents/HDL/PipelineRISCVCalPoly/rtl/control_unit.sv:30]
WARNING: [VRFC 10-2649] an enum variable may only be assigned the same enum typed variable or one of its values [C:/Users/D4nny/Documents/HDL/PipelineRISCVCalPoly/rtl/Branch_cond_gen.sv:46]
WARNING: [VRFC 10-2649] an enum variable may only be assigned the same enum typed variable or one of its values [C:/Users/D4nny/Documents/HDL/PipelineRISCVCalPoly/rtl/alu.sv:44]
Completed simulation data flow analysis
Time Resolution for simulation is 1ps
Compiling package xil_defaultlib.structs
Compiling module xil_defaultlib.reg_nb(n=32)
Compiling module xil_defaultlib.Memory
Compiling module xil_defaultlib.ControlUnit
Compiling module xil_defaultlib.ImmedGen
Compiling module xil_defaultlib.RegFile
Compiling module xil_defaultlib.BranchCondGen
Compiling module xil_defaultlib.ALU
Compiling module xil_defaultlib.HazardUnit
Compiling module xil_defaultlib.OTTER_MCU
Compiling module xil_defaultlib.OTTER_Wrapper
Compiling module xil_defaultlib.tb_clk
Compiling module xil_defaultlib.test_pipeline
Compiling module xil_defaultlib.glbl
Built simulation snapshot test_pipeline_behav
INFO: [USF-XSim-69] 'elaborate' step finished in '2' seconds
Time resolution is 1 ps
Passed Testall
$finish called at time : 0 fs : File "C:/Users/D4nny/Documents/HDL/PipelineRISCVCalPoly/rtl/test_pipeline.sv" Line 58
run 1 ms
run 1 ms
relaunch_sim
Command: launch_simulation -step compile -simset sim_1 -mode behavioral
INFO: [Vivado 12-12493] Simulation top is 'test_pipeline'
WARNING: [Vivado 12-13340] Unable to auto find GCC executables from simulator install path! (path not set)
INFO: [Vivado 12-5682] Launching behavioral simulation in 'C:/Users/D4nny/Documents/HDL/PipelineRISCVCalPoly/vivado_2023.2/vivado_2023.2.sim/sim_1/behav/xsim'
INFO: [SIM-utils-51] Simulation object is 'sim_1'
INFO: [USF-XSim-2] XSim::Compile design
INFO: [USF-XSim-61] Executing 'COMPILE and ANALYZE' step in 'C:/Users/D4nny/Documents/HDL/PipelineRISCVCalPoly/vivado_2023.2/vivado_2023.2.sim/sim_1/behav/xsim'
"xvlog --incr --relax -L uvm -prj test_pipeline_vlog.prj"
ECHO is off.
ECHO is off.
INFO: [VRFC 10-2263] Analyzing SystemVerilog file "C:/Users/D4nny/Documents/HDL/PipelineRISCVCalPoly/rtl/Branch_cond_gen.sv" into library xil_defaultlib
INFO: [VRFC 10-311] analyzing module BranchCondGen
INFO: [VRFC 10-2263] Analyzing SystemVerilog file "C:/Users/D4nny/Documents/HDL/PipelineRISCVCalPoly/rtl/alu.sv" into library xil_defaultlib
INFO: [VRFC 10-311] analyzing module ALU
INFO: [VRFC 10-2263] Analyzing SystemVerilog file "C:/Users/D4nny/Documents/HDL/PipelineRISCVCalPoly/rtl/control_unit.sv" into library xil_defaultlib
INFO: [VRFC 10-311] analyzing module ControlUnit
INFO: [VRFC 10-2263] Analyzing SystemVerilog file "C:/Users/D4nny/Documents/HDL/PipelineRISCVCalPoly/rtl/hazard.sv" into library xil_defaultlib
INFO: [VRFC 10-311] analyzing module HazardUnit
INFO: [VRFC 10-2263] Analyzing SystemVerilog file "C:/Users/D4nny/Documents/HDL/PipelineRISCVCalPoly/rtl/immed_gen.sv" into library xil_defaultlib
INFO: [VRFC 10-311] analyzing module ImmedGen
INFO: [VRFC 10-2263] Analyzing SystemVerilog file "C:/Users/D4nny/Documents/HDL/PipelineRISCVCalPoly/rtl/structs.sv" into library xil_defaultlib
INFO: [VRFC 10-311] analyzing module p_structs
INFO: [VRFC 10-2263] Analyzing SystemVerilog file "C:/Users/D4nny/Documents/HDL/PipelineRISCVCalPoly/rtl/otter_mcu.sv" into library xil_defaultlib
INFO: [VRFC 10-311] analyzing module OTTER_MCU
INFO: [VRFC 10-2263] Analyzing SystemVerilog file "C:/Users/D4nny/Documents/HDL/PipelineRISCVCalPoly/rtl/otter_memory.sv" into library xil_defaultlib
INFO: [VRFC 10-311] analyzing module Memory
INFO: [VRFC 10-2263] Analyzing SystemVerilog file "C:/Users/D4nny/Documents/HDL/PipelineRISCVCalPoly/rtl/otter_wrapper.sv" into library xil_defaultlib
INFO: [VRFC 10-311] analyzing module OTTER_Wrapper
INFO: [VRFC 10-2263] Analyzing SystemVerilog file "C:/Users/D4nny/Documents/HDL/PipelineRISCVCalPoly/rtl/reg_file.sv" into library xil_defaultlib
INFO: [VRFC 10-311] analyzing module RegFile
INFO: [VRFC 10-2263] Analyzing SystemVerilog file "C:/Users/D4nny/Documents/HDL/PipelineRISCVCalPoly/rtl/register_nb.sv" into library xil_defaultlib
INFO: [VRFC 10-311] analyzing module reg_nb
INFO: [VRFC 10-2263] Analyzing SystemVerilog file "C:/Users/D4nny/Documents/HDL/PipelineRISCVCalPoly/rtl/test_pipeline.sv" into library xil_defaultlib
INFO: [VRFC 10-311] analyzing module test_pipeline
INFO: [USF-XSim-69] 'compile' step finished in '1' seconds
Command: launch_simulation -step elaborate -simset sim_1 -mode behavioral
INFO: [Vivado 12-12493] Simulation top is 'test_pipeline'
WARNING: [Vivado 12-13340] Unable to auto find GCC executables from simulator install path! (path not set)
INFO: [Vivado 12-5682] Launching behavioral simulation in 'C:/Users/D4nny/Documents/HDL/PipelineRISCVCalPoly/vivado_2023.2/vivado_2023.2.sim/sim_1/behav/xsim'
INFO: [SIM-utils-51] Simulation object is 'sim_1'
INFO: [USF-XSim-3] XSim::Elaborate design
INFO: [USF-XSim-61] Executing 'ELABORATE' step in 'C:/Users/D4nny/Documents/HDL/PipelineRISCVCalPoly/vivado_2023.2/vivado_2023.2.sim/sim_1/behav/xsim'
"xelab --incr --debug typical --relax --mt 2 -L xil_defaultlib -L uvm -L unisims_ver -L unimacro_ver -L secureip --snapshot test_pipeline_behav xil_defaultlib.test_pipeline xil_defaultlib.glbl -log elaborate.log"
ECHO is off.
ECHO is off.
Vivado Simulator v2023.2
Copyright 1986-2022 Xilinx, Inc. All Rights Reserved.
Copyright 2022-2023 Advanced Micro Devices, Inc. All Rights Reserved.
Running: C:/Xilinx/Vivado/2023.2/bin/unwrapped/win64.o/xelab.exe --incr --debug typical --relax --mt 2 -L xil_defaultlib -L uvm -L unisims_ver -L unimacro_ver -L secureip --snapshot test_pipeline_behav xil_defaultlib.test_pipeline xil_defaultlib.glbl -log elaborate.log 
Using 2 slave threads.
Starting static elaboration
Pass Through NonSizing Optimizer
Completed static elaboration
Starting simulation data flow analysis
WARNING: [VRFC 10-2649] an enum variable may only be assigned the same enum typed variable or one of its values [C:/Users/D4nny/Documents/HDL/PipelineRISCVCalPoly/rtl/control_unit.sv:30]
WARNING: [VRFC 10-2649] an enum variable may only be assigned the same enum typed variable or one of its values [C:/Users/D4nny/Documents/HDL/PipelineRISCVCalPoly/rtl/Branch_cond_gen.sv:46]
WARNING: [VRFC 10-2649] an enum variable may only be assigned the same enum typed variable or one of its values [C:/Users/D4nny/Documents/HDL/PipelineRISCVCalPoly/rtl/alu.sv:44]
Completed simulation data flow analysis
Time Resolution for simulation is 1ps
Compiling package xil_defaultlib.structs
Compiling module xil_defaultlib.reg_nb(n=32)
Compiling module xil_defaultlib.Memory
Compiling module xil_defaultlib.ControlUnit
Compiling module xil_defaultlib.ImmedGen
Compiling module xil_defaultlib.RegFile
Compiling module xil_defaultlib.BranchCondGen
Compiling module xil_defaultlib.ALU
Compiling module xil_defaultlib.HazardUnit
Compiling module xil_defaultlib.OTTER_MCU
Compiling module xil_defaultlib.OTTER_Wrapper
Compiling module xil_defaultlib.tb_clk
Compiling module xil_defaultlib.test_pipeline
Compiling module xil_defaultlib.glbl
Built simulation snapshot test_pipeline_behav
INFO: [USF-XSim-69] 'elaborate' step finished in '2' seconds
Time resolution is 1 ps
Passed Testall
$finish called at time : 0 fs : File "C:/Users/D4nny/Documents/HDL/PipelineRISCVCalPoly/rtl/test_pipeline.sv" Line 58
run 1 ms
run 1 ms
relaunch_sim
Command: launch_simulation -step compile -simset sim_1 -mode behavioral
INFO: [Vivado 12-12493] Simulation top is 'test_pipeline'
WARNING: [Vivado 12-13340] Unable to auto find GCC executables from simulator install path! (path not set)
INFO: [Vivado 12-5682] Launching behavioral simulation in 'C:/Users/D4nny/Documents/HDL/PipelineRISCVCalPoly/vivado_2023.2/vivado_2023.2.sim/sim_1/behav/xsim'
INFO: [SIM-utils-51] Simulation object is 'sim_1'
INFO: [USF-XSim-2] XSim::Compile design
INFO: [USF-XSim-61] Executing 'COMPILE and ANALYZE' step in 'C:/Users/D4nny/Documents/HDL/PipelineRISCVCalPoly/vivado_2023.2/vivado_2023.2.sim/sim_1/behav/xsim'
"xvlog --incr --relax -L uvm -prj test_pipeline_vlog.prj"
ECHO is off.
ECHO is off.
INFO: [VRFC 10-2263] Analyzing SystemVerilog file "C:/Users/D4nny/Documents/HDL/PipelineRISCVCalPoly/rtl/Branch_cond_gen.sv" into library xil_defaultlib
INFO: [VRFC 10-311] analyzing module BranchCondGen
INFO: [VRFC 10-2263] Analyzing SystemVerilog file "C:/Users/D4nny/Documents/HDL/PipelineRISCVCalPoly/rtl/alu.sv" into library xil_defaultlib
INFO: [VRFC 10-311] analyzing module ALU
INFO: [VRFC 10-2263] Analyzing SystemVerilog file "C:/Users/D4nny/Documents/HDL/PipelineRISCVCalPoly/rtl/control_unit.sv" into library xil_defaultlib
INFO: [VRFC 10-311] analyzing module ControlUnit
INFO: [VRFC 10-2263] Analyzing SystemVerilog file "C:/Users/D4nny/Documents/HDL/PipelineRISCVCalPoly/rtl/hazard.sv" into library xil_defaultlib
INFO: [VRFC 10-311] analyzing module HazardUnit
INFO: [VRFC 10-2263] Analyzing SystemVerilog file "C:/Users/D4nny/Documents/HDL/PipelineRISCVCalPoly/rtl/immed_gen.sv" into library xil_defaultlib
INFO: [VRFC 10-311] analyzing module ImmedGen
INFO: [VRFC 10-2263] Analyzing SystemVerilog file "C:/Users/D4nny/Documents/HDL/PipelineRISCVCalPoly/rtl/structs.sv" into library xil_defaultlib
INFO: [VRFC 10-311] analyzing module p_structs
INFO: [VRFC 10-2263] Analyzing SystemVerilog file "C:/Users/D4nny/Documents/HDL/PipelineRISCVCalPoly/rtl/otter_mcu.sv" into library xil_defaultlib
INFO: [VRFC 10-311] analyzing module OTTER_MCU
INFO: [VRFC 10-2263] Analyzing SystemVerilog file "C:/Users/D4nny/Documents/HDL/PipelineRISCVCalPoly/rtl/otter_memory.sv" into library xil_defaultlib
INFO: [VRFC 10-311] analyzing module Memory
INFO: [VRFC 10-2263] Analyzing SystemVerilog file "C:/Users/D4nny/Documents/HDL/PipelineRISCVCalPoly/rtl/otter_wrapper.sv" into library xil_defaultlib
INFO: [VRFC 10-311] analyzing module OTTER_Wrapper
INFO: [VRFC 10-2263] Analyzing SystemVerilog file "C:/Users/D4nny/Documents/HDL/PipelineRISCVCalPoly/rtl/reg_file.sv" into library xil_defaultlib
INFO: [VRFC 10-311] analyzing module RegFile
INFO: [VRFC 10-2263] Analyzing SystemVerilog file "C:/Users/D4nny/Documents/HDL/PipelineRISCVCalPoly/rtl/register_nb.sv" into library xil_defaultlib
INFO: [VRFC 10-311] analyzing module reg_nb
INFO: [VRFC 10-2263] Analyzing SystemVerilog file "C:/Users/D4nny/Documents/HDL/PipelineRISCVCalPoly/rtl/test_pipeline.sv" into library xil_defaultlib
INFO: [VRFC 10-311] analyzing module test_pipeline
INFO: [USF-XSim-69] 'compile' step finished in '1' seconds
Command: launch_simulation -step elaborate -simset sim_1 -mode behavioral
INFO: [Vivado 12-12493] Simulation top is 'test_pipeline'
WARNING: [Vivado 12-13340] Unable to auto find GCC executables from simulator install path! (path not set)
INFO: [Vivado 12-5682] Launching behavioral simulation in 'C:/Users/D4nny/Documents/HDL/PipelineRISCVCalPoly/vivado_2023.2/vivado_2023.2.sim/sim_1/behav/xsim'
INFO: [SIM-utils-51] Simulation object is 'sim_1'
INFO: [USF-XSim-3] XSim::Elaborate design
INFO: [USF-XSim-61] Executing 'ELABORATE' step in 'C:/Users/D4nny/Documents/HDL/PipelineRISCVCalPoly/vivado_2023.2/vivado_2023.2.sim/sim_1/behav/xsim'
"xelab --incr --debug typical --relax --mt 2 -L xil_defaultlib -L uvm -L unisims_ver -L unimacro_ver -L secureip --snapshot test_pipeline_behav xil_defaultlib.test_pipeline xil_defaultlib.glbl -log elaborate.log"
ECHO is off.
ECHO is off.
Vivado Simulator v2023.2
Copyright 1986-2022 Xilinx, Inc. All Rights Reserved.
Copyright 2022-2023 Advanced Micro Devices, Inc. All Rights Reserved.
Running: C:/Xilinx/Vivado/2023.2/bin/unwrapped/win64.o/xelab.exe --incr --debug typical --relax --mt 2 -L xil_defaultlib -L uvm -L unisims_ver -L unimacro_ver -L secureip --snapshot test_pipeline_behav xil_defaultlib.test_pipeline xil_defaultlib.glbl -log elaborate.log 
Using 2 slave threads.
Starting static elaboration
Pass Through NonSizing Optimizer
Completed static elaboration
Starting simulation data flow analysis
WARNING: [VRFC 10-2649] an enum variable may only be assigned the same enum typed variable or one of its values [C:/Users/D4nny/Documents/HDL/PipelineRISCVCalPoly/rtl/control_unit.sv:30]
WARNING: [VRFC 10-2649] an enum variable may only be assigned the same enum typed variable or one of its values [C:/Users/D4nny/Documents/HDL/PipelineRISCVCalPoly/rtl/Branch_cond_gen.sv:46]
WARNING: [VRFC 10-2649] an enum variable may only be assigned the same enum typed variable or one of its values [C:/Users/D4nny/Documents/HDL/PipelineRISCVCalPoly/rtl/alu.sv:44]
Completed simulation data flow analysis
Time Resolution for simulation is 1ps
Compiling package xil_defaultlib.structs
Compiling module xil_defaultlib.reg_nb(n=32)
Compiling module xil_defaultlib.Memory
Compiling module xil_defaultlib.ControlUnit
Compiling module xil_defaultlib.ImmedGen
Compiling module xil_defaultlib.RegFile
Compiling module xil_defaultlib.BranchCondGen
Compiling module xil_defaultlib.ALU
Compiling module xil_defaultlib.HazardUnit
Compiling module xil_defaultlib.OTTER_MCU
Compiling module xil_defaultlib.OTTER_Wrapper
Compiling module xil_defaultlib.test_pipeline
Compiling module xil_defaultlib.glbl
Built simulation snapshot test_pipeline_behav
INFO: [USF-XSim-69] 'elaborate' step finished in '2' seconds
Time resolution is 1 ps
relaunch_sim: Time (s): cpu = 00:00:00 ; elapsed = 00:00:06 . Memory (MB): peak = 1724.832 ; gain = 0.000
run 1 ms
Passed Testall
$finish called at time : 131715 ns : File "C:/Users/D4nny/Documents/HDL/PipelineRISCVCalPoly/rtl/test_pipeline.sv" Line 59
relaunch_sim
Command: launch_simulation -step compile -simset sim_1 -mode behavioral
INFO: [Vivado 12-12493] Simulation top is 'test_pipeline'
WARNING: [Vivado 12-13340] Unable to auto find GCC executables from simulator install path! (path not set)
INFO: [Vivado 12-5682] Launching behavioral simulation in 'C:/Users/D4nny/Documents/HDL/PipelineRISCVCalPoly/vivado_2023.2/vivado_2023.2.sim/sim_1/behav/xsim'
INFO: [SIM-utils-51] Simulation object is 'sim_1'
INFO: [USF-XSim-2] XSim::Compile design
INFO: [USF-XSim-61] Executing 'COMPILE and ANALYZE' step in 'C:/Users/D4nny/Documents/HDL/PipelineRISCVCalPoly/vivado_2023.2/vivado_2023.2.sim/sim_1/behav/xsim'
"xvlog --incr --relax -L uvm -prj test_pipeline_vlog.prj"
ECHO is off.
ECHO is off.
INFO: [VRFC 10-2263] Analyzing SystemVerilog file "C:/Users/D4nny/Documents/HDL/PipelineRISCVCalPoly/rtl/Branch_cond_gen.sv" into library xil_defaultlib
INFO: [VRFC 10-311] analyzing module BranchCondGen
INFO: [VRFC 10-2263] Analyzing SystemVerilog file "C:/Users/D4nny/Documents/HDL/PipelineRISCVCalPoly/rtl/alu.sv" into library xil_defaultlib
INFO: [VRFC 10-311] analyzing module ALU
INFO: [VRFC 10-2263] Analyzing SystemVerilog file "C:/Users/D4nny/Documents/HDL/PipelineRISCVCalPoly/rtl/control_unit.sv" into library xil_defaultlib
INFO: [VRFC 10-311] analyzing module ControlUnit
INFO: [VRFC 10-2263] Analyzing SystemVerilog file "C:/Users/D4nny/Documents/HDL/PipelineRISCVCalPoly/rtl/hazard.sv" into library xil_defaultlib
INFO: [VRFC 10-311] analyzing module HazardUnit
INFO: [VRFC 10-2263] Analyzing SystemVerilog file "C:/Users/D4nny/Documents/HDL/PipelineRISCVCalPoly/rtl/immed_gen.sv" into library xil_defaultlib
INFO: [VRFC 10-311] analyzing module ImmedGen
INFO: [VRFC 10-2263] Analyzing SystemVerilog file "C:/Users/D4nny/Documents/HDL/PipelineRISCVCalPoly/rtl/structs.sv" into library xil_defaultlib
INFO: [VRFC 10-311] analyzing module p_structs
INFO: [VRFC 10-2263] Analyzing SystemVerilog file "C:/Users/D4nny/Documents/HDL/PipelineRISCVCalPoly/rtl/otter_mcu.sv" into library xil_defaultlib
INFO: [VRFC 10-311] analyzing module OTTER_MCU
INFO: [VRFC 10-2263] Analyzing SystemVerilog file "C:/Users/D4nny/Documents/HDL/PipelineRISCVCalPoly/rtl/otter_memory.sv" into library xil_defaultlib
INFO: [VRFC 10-311] analyzing module Memory
INFO: [VRFC 10-2263] Analyzing SystemVerilog file "C:/Users/D4nny/Documents/HDL/PipelineRISCVCalPoly/rtl/otter_wrapper.sv" into library xil_defaultlib
INFO: [VRFC 10-311] analyzing module OTTER_Wrapper
INFO: [VRFC 10-2263] Analyzing SystemVerilog file "C:/Users/D4nny/Documents/HDL/PipelineRISCVCalPoly/rtl/reg_file.sv" into library xil_defaultlib
INFO: [VRFC 10-311] analyzing module RegFile
INFO: [VRFC 10-2263] Analyzing SystemVerilog file "C:/Users/D4nny/Documents/HDL/PipelineRISCVCalPoly/rtl/register_nb.sv" into library xil_defaultlib
INFO: [VRFC 10-311] analyzing module reg_nb
INFO: [VRFC 10-2263] Analyzing SystemVerilog file "C:/Users/D4nny/Documents/HDL/PipelineRISCVCalPoly/rtl/test_pipeline.sv" into library xil_defaultlib
INFO: [VRFC 10-311] analyzing module test_pipeline
INFO: [USF-XSim-69] 'compile' step finished in '1' seconds
Command: launch_simulation -step elaborate -simset sim_1 -mode behavioral
INFO: [Vivado 12-12493] Simulation top is 'test_pipeline'
WARNING: [Vivado 12-13340] Unable to auto find GCC executables from simulator install path! (path not set)
INFO: [Vivado 12-5682] Launching behavioral simulation in 'C:/Users/D4nny/Documents/HDL/PipelineRISCVCalPoly/vivado_2023.2/vivado_2023.2.sim/sim_1/behav/xsim'
INFO: [SIM-utils-51] Simulation object is 'sim_1'
INFO: [USF-XSim-3] XSim::Elaborate design
INFO: [USF-XSim-61] Executing 'ELABORATE' step in 'C:/Users/D4nny/Documents/HDL/PipelineRISCVCalPoly/vivado_2023.2/vivado_2023.2.sim/sim_1/behav/xsim'
"xelab --incr --debug typical --relax --mt 2 -L xil_defaultlib -L uvm -L unisims_ver -L unimacro_ver -L secureip --snapshot test_pipeline_behav xil_defaultlib.test_pipeline xil_defaultlib.glbl -log elaborate.log"
ECHO is off.
ECHO is off.
Vivado Simulator v2023.2
Copyright 1986-2022 Xilinx, Inc. All Rights Reserved.
Copyright 2022-2023 Advanced Micro Devices, Inc. All Rights Reserved.
Running: C:/Xilinx/Vivado/2023.2/bin/unwrapped/win64.o/xelab.exe --incr --debug typical --relax --mt 2 -L xil_defaultlib -L uvm -L unisims_ver -L unimacro_ver -L secureip --snapshot test_pipeline_behav xil_defaultlib.test_pipeline xil_defaultlib.glbl -log elaborate.log 
Using 2 slave threads.
Starting static elaboration
Pass Through NonSizing Optimizer
Completed static elaboration
Starting simulation data flow analysis
WARNING: [VRFC 10-2649] an enum variable may only be assigned the same enum typed variable or one of its values [C:/Users/D4nny/Documents/HDL/PipelineRISCVCalPoly/rtl/control_unit.sv:30]
WARNING: [VRFC 10-2649] an enum variable may only be assigned the same enum typed variable or one of its values [C:/Users/D4nny/Documents/HDL/PipelineRISCVCalPoly/rtl/Branch_cond_gen.sv:46]
WARNING: [VRFC 10-2649] an enum variable may only be assigned the same enum typed variable or one of its values [C:/Users/D4nny/Documents/HDL/PipelineRISCVCalPoly/rtl/alu.sv:44]
Completed simulation data flow analysis
Time Resolution for simulation is 1ps
Compiling package xil_defaultlib.structs
Compiling module xil_defaultlib.reg_nb(n=32)
Compiling module xil_defaultlib.Memory
Compiling module xil_defaultlib.ControlUnit
Compiling module xil_defaultlib.ImmedGen
Compiling module xil_defaultlib.RegFile
Compiling module xil_defaultlib.BranchCondGen
Compiling module xil_defaultlib.ALU
Compiling module xil_defaultlib.HazardUnit
Compiling module xil_defaultlib.OTTER_MCU
Compiling module xil_defaultlib.OTTER_Wrapper
Compiling module xil_defaultlib.test_pipeline
Compiling module xil_defaultlib.glbl
Built simulation snapshot test_pipeline_behav
INFO: [USF-XSim-69] 'elaborate' step finished in '2' seconds
Time resolution is 1 ps
run 1 ms
Passed Testall
$finish called at time : 131975 ns : File "C:/Users/D4nny/Documents/HDL/PipelineRISCVCalPoly/rtl/test_pipeline.sv" Line 59
run 1 ms
